{
    "$type": "Tfl.Api.Presentation.Entities.Place, Tfl.Api.Presentation.Entities",
    "id": "BikePoints_1",
    "url": "/Place/BikePoints_1",
    "commonName": "River Street , Clerkenwell",
    "placeType": "BikePoint",
    "additionalProperties": [
        {
            "$type": "Tfl.Api.Presentation.Entities.AdditionalProperties, Tfl.Api.Presentation.Entities",
            "category": "Description",
            "key": "TerminalName",
            "sourceSystemKey": "BikePoints",
            "value": "001023",
            "modified": "2022-10-28T13:07:50.42Z"
        },
        {
            "$type": "Tfl.Api.Presentation.Entities.AdditionalProperties, Tfl.Api.Presentation.Entities",
            "category": "Description",
            "key": "Installed",
            "sourceSystemKey": "BikePoints",
            "value": "true",
            "modified": "2022-10-28T13:07:50.42Z"
        },
        {
            "$type": "Tfl.Api.Presentation.Entities.AdditionalProperties, Tfl.Api.Presentation.Entities",
            "category": "Description",
            "key": "Locked",
            "sourceSystemKey": "BikePoints",
            "value": "false",
            "modified": "2022-10-28T13:07:50.42Z"
        },
        {
            "$type": "Tfl.Api.Presentation.Entities.AdditionalProperties, Tfl.Api.Presentation.Entities",
            "category": "Description",
            "key": "InstallDate",
            "sourceSystemKey": "BikePoints",
            "value": "1278950880000",
            "modified": "2022-10-28T13:07:50.42Z"
        },
        {
            "$type": "Tfl.Api.Presentation.Entities.AdditionalProperties, Tfl.Api.Presentation.Entities",
            "category": "Description",
            "key": "RemovalDate",
            "sourceSystemKey": "BikePoints",
            "value": "",
            "modified": "2022-10-28T13:07:50.42Z"
        },
        {
            "$type": "Tfl.Api.Presentation.Entities.AdditionalProperties, Tfl.Api.Presentation.Entities",
            "category": "Description",
            "key": "Temporary",
            "sourceSystemKey": "BikePoints",
            "value": "false",
            "modified": "2022-10-28T13:07:50.42Z"
        },
        {
            "$type": "Tfl.Api.Presentation.Entities.AdditionalProperties, Tfl.Api.Presentation.Entities",
            "category": "Description",
            "key": "NbBikes",
            "sourceSystemKey": "BikePoints",
            "value": "4",
            "modified": "2022-10-28T13:07:50.42Z"
        },
        {
            "$type": "Tfl.Api.Presentation.Entities.AdditionalProperties, Tfl.Api.Presentation.Entities",
            "category": "Description",
            "key": "NbEmptyDocks",
            "sourceSystemKey": "BikePoints",
            "value": "15",
            "modified": "2022-10-28T13:07:50.42Z"
        },
        {
            "$type": "Tfl.Api.Presentation.Entities.AdditionalProperties, Tfl.Api.Presentation.Entities",
            "category": "Description",
            "key": "NbDocks",
            "sourceSystemKey": "BikePoints",
            "value": "19",
            "modified": "2022-10-28T13:07:50.42Z"
        },
        {
            "$type": "Tfl.Api.Presentation.Entities.AdditionalProperties, Tfl.Api.Presentation.Entities",
            "category": "Description",
            "key": "NbStandardBikes",
            "sourceSystemKey": "BikePoints",
            "value": "4",
            "modified": "2022-10-28T13:07:50.42Z"
        },
        {
            "$type": "Tfl.Api.Presentation.Entities.AdditionalProperties, Tfl.Api.Presentation.Entities",
            "category": "Description",
            "key": "NbEBikes",
            "sourceSystemKey": "BikePoints",
            "value": "0",
            "modified": "2022-10-28T13:07:50.42Z"
        }
    ],
    "children": [
    ],
    "childrenUrls": [
    ],
    "lat": 51.529163,
    "lon": -0.10997
}